<?xml version="1.0" encoding="UTF-8"?>
<testng-results ignored="0" total="1" passed="1" failed="0" skipped="0">
  <reporter-output>
  </reporter-output>
  <suite started-at="2020-04-25T11:58:14 ART" name="Command line suite" finished-at="2020-04-25T11:58:25 ART" duration-ms="11164">
    <groups>
    </groups>
    <test started-at="2020-04-25T11:58:14 ART" name="Command line test" finished-at="2020-04-25T11:58:25 ART" duration-ms="11164">
      <class name="SearchTest">
        <test-method is-config="true" signature="setup()[pri:0, instance:SearchTest@491cc5c9]" started-at="2020-04-25T11:58:14 ART" name="setup" finished-at="2020-04-25T11:58:23 ART" duration-ms="9053" status="PASS">
          <reporter-output>
          </reporter-output>
        </test-method> <!-- setup -->
        <test-method signature="openGoogle()[pri:0, instance:SearchTest@491cc5c9]" started-at="2020-04-25T11:58:23 ART" name="openGoogle" finished-at="2020-04-25T11:58:25 ART" duration-ms="1789" status="PASS">
          <reporter-output>
          </reporter-output>
        </test-method> <!-- openGoogle -->
        <test-method is-config="true" signature="tearDown()[pri:0, instance:SearchTest@491cc5c9]" started-at="2020-04-25T11:58:25 ART" name="tearDown" finished-at="2020-04-25T11:58:25 ART" duration-ms="232" status="PASS">
          <reporter-output>
          </reporter-output>
        </test-method> <!-- tearDown -->
      </class> <!-- SearchTest -->
    </test> <!-- Command line test -->
  </suite> <!-- Command line suite -->
</testng-results>
